  Game.cpp
C:\Users\thatc\OneDrive - University of Brighton\First_Year_Modules\CI411 - Introduction to Games Programming\Semester 2\CI411_SDL\Game.cpp(129,12): warning C4244: 'argument': conversion from 'time_t' to 'unsigned int', possible loss of data
C:\Users\thatc\OneDrive - University of Brighton\First_Year_Modules\CI411 - Introduction to Games Programming\Semester 2\CI411_SDL\Game.cpp(162,23): warning C4244: 'argument': conversion from 'int' to 'float', possible loss of data
C:\Users\thatc\OneDrive - University of Brighton\First_Year_Modules\CI411 - Introduction to Games Programming\Semester 2\CI411_SDL\Game.cpp(163,23): warning C4244: 'argument': conversion from 'int' to 'float', possible loss of data
C:\Users\thatc\OneDrive - University of Brighton\First_Year_Modules\CI411 - Introduction to Games Programming\Semester 2\CI411_SDL\Game.cpp(176,21): warning C4244: 'argument': conversion from 'int' to 'float', possible loss of data
C:\Users\thatc\OneDrive - University of Brighton\First_Year_Modules\CI411 - Introduction to Games Programming\Semester 2\CI411_SDL\Game.cpp(177,21): warning C4244: 'argument': conversion from 'int' to 'float', possible loss of data
C:\Users\thatc\OneDrive - University of Brighton\First_Year_Modules\CI411 - Introduction to Games Programming\Semester 2\CI411_SDL\Game.cpp(191,21): warning C4244: 'argument': conversion from 'int' to 'float', possible loss of data
C:\Users\thatc\OneDrive - University of Brighton\First_Year_Modules\CI411 - Introduction to Games Programming\Semester 2\CI411_SDL\Game.cpp(192,21): warning C4244: 'argument': conversion from 'int' to 'float', possible loss of data
C:\Users\thatc\OneDrive - University of Brighton\First_Year_Modules\CI411 - Introduction to Games Programming\Semester 2\CI411_SDL\Game.cpp(205,21): warning C4244: 'argument': conversion from 'int' to 'float', possible loss of data
C:\Users\thatc\OneDrive - University of Brighton\First_Year_Modules\CI411 - Introduction to Games Programming\Semester 2\CI411_SDL\Game.cpp(206,21): warning C4244: 'argument': conversion from 'int' to 'float', possible loss of data
C:\Users\thatc\OneDrive - University of Brighton\First_Year_Modules\CI411 - Introduction to Games Programming\Semester 2\CI411_SDL\Game.cpp(216,21): warning C4244: 'argument': conversion from 'int' to 'float', possible loss of data
C:\Users\thatc\OneDrive - University of Brighton\First_Year_Modules\CI411 - Introduction to Games Programming\Semester 2\CI411_SDL\Game.cpp(217,21): warning C4244: 'argument': conversion from 'int' to 'float', possible loss of data
C:\Users\thatc\OneDrive - University of Brighton\First_Year_Modules\CI411 - Introduction to Games Programming\Semester 2\CI411_SDL\Game.cpp(226,21): warning C4244: 'argument': conversion from 'int' to 'float', possible loss of data
C:\Users\thatc\OneDrive - University of Brighton\First_Year_Modules\CI411 - Introduction to Games Programming\Semester 2\CI411_SDL\Game.cpp(227,21): warning C4244: 'argument': conversion from 'int' to 'float', possible loss of data
C:\Users\thatc\OneDrive - University of Brighton\First_Year_Modules\CI411 - Introduction to Games Programming\Semester 2\CI411_SDL\Game.cpp(236,21): warning C4244: 'argument': conversion from 'int' to 'float', possible loss of data
C:\Users\thatc\OneDrive - University of Brighton\First_Year_Modules\CI411 - Introduction to Games Programming\Semester 2\CI411_SDL\Game.cpp(237,21): warning C4244: 'argument': conversion from 'int' to 'float', possible loss of data
C:\Users\thatc\OneDrive - University of Brighton\First_Year_Modules\CI411 - Introduction to Games Programming\Semester 2\CI411_SDL\Game.cpp(246,21): warning C4244: 'argument': conversion from 'int' to 'float', possible loss of data
C:\Users\thatc\OneDrive - University of Brighton\First_Year_Modules\CI411 - Introduction to Games Programming\Semester 2\CI411_SDL\Game.cpp(247,21): warning C4244: 'argument': conversion from 'int' to 'float', possible loss of data
C:\Users\thatc\OneDrive - University of Brighton\First_Year_Modules\CI411 - Introduction to Games Programming\Semester 2\CI411_SDL\Game.cpp(255,18): warning C4244: 'argument': conversion from 'int' to 'float', possible loss of data
C:\Users\thatc\OneDrive - University of Brighton\First_Year_Modules\CI411 - Introduction to Games Programming\Semester 2\CI411_SDL\Game.cpp(256,18): warning C4244: 'argument': conversion from 'int' to 'float', possible loss of data
C:\Users\thatc\OneDrive - University of Brighton\First_Year_Modules\CI411 - Introduction to Games Programming\Semester 2\CI411_SDL\Game.cpp(280,22): warning C4244: 'argument': conversion from 'int' to 'float', possible loss of data
C:\Users\thatc\OneDrive - University of Brighton\First_Year_Modules\CI411 - Introduction to Games Programming\Semester 2\CI411_SDL\Game.cpp(281,22): warning C4244: 'argument': conversion from 'int' to 'float', possible loss of data
C:\Users\thatc\OneDrive - University of Brighton\First_Year_Modules\CI411 - Introduction to Games Programming\Semester 2\CI411_SDL\Game.cpp(339,30): warning C4838: conversion from 'float' to 'int' requires a narrowing conversion
C:\Users\thatc\OneDrive - University of Brighton\First_Year_Modules\CI411 - Introduction to Games Programming\Semester 2\CI411_SDL\Game.cpp(339,30): warning C4244: 'initializing': conversion from 'float' to 'int', possible loss of data
C:\Users\thatc\OneDrive - University of Brighton\First_Year_Modules\CI411 - Introduction to Games Programming\Semester 2\CI411_SDL\Game.cpp(339,42): warning C4838: conversion from 'float' to 'int' requires a narrowing conversion
C:\Users\thatc\OneDrive - University of Brighton\First_Year_Modules\CI411 - Introduction to Games Programming\Semester 2\CI411_SDL\Game.cpp(339,42): warning C4244: 'initializing': conversion from 'float' to 'int', possible loss of data
C:\Users\thatc\OneDrive - University of Brighton\First_Year_Modules\CI411 - Introduction to Games Programming\Semester 2\CI411_SDL\Game.cpp(345,37): warning C4838: conversion from 'float' to 'int' requires a narrowing conversion
C:\Users\thatc\OneDrive - University of Brighton\First_Year_Modules\CI411 - Introduction to Games Programming\Semester 2\CI411_SDL\Game.cpp(345,37): warning C4244: 'initializing': conversion from 'float' to 'int', possible loss of data
C:\Users\thatc\OneDrive - University of Brighton\First_Year_Modules\CI411 - Introduction to Games Programming\Semester 2\CI411_SDL\Game.cpp(345,65): warning C4838: conversion from 'float' to 'int' requires a narrowing conversion
C:\Users\thatc\OneDrive - University of Brighton\First_Year_Modules\CI411 - Introduction to Games Programming\Semester 2\CI411_SDL\Game.cpp(345,65): warning C4244: 'initializing': conversion from 'float' to 'int', possible loss of data
C:\Users\thatc\OneDrive - University of Brighton\First_Year_Modules\CI411 - Introduction to Games Programming\Semester 2\CI411_SDL\Game.cpp(351,30): warning C4244: '=': conversion from 'float' to 'int', possible loss of data
C:\Users\thatc\OneDrive - University of Brighton\First_Year_Modules\CI411 - Introduction to Games Programming\Semester 2\CI411_SDL\Game.cpp(352,30): warning C4244: '=': conversion from 'float' to 'int', possible loss of data
C:\Users\thatc\OneDrive - University of Brighton\First_Year_Modules\CI411 - Introduction to Games Programming\Semester 2\CI411_SDL\Game.cpp(363,27): warning C4244: '=': conversion from 'float' to 'int', possible loss of data
C:\Users\thatc\OneDrive - University of Brighton\First_Year_Modules\CI411 - Introduction to Games Programming\Semester 2\CI411_SDL\Game.cpp(364,27): warning C4244: '=': conversion from 'float' to 'int', possible loss of data
C:\Users\thatc\OneDrive - University of Brighton\First_Year_Modules\CI411 - Introduction to Games Programming\Semester 2\CI411_SDL\Game.cpp(376,27): warning C4244: '=': conversion from 'float' to 'int', possible loss of data
C:\Users\thatc\OneDrive - University of Brighton\First_Year_Modules\CI411 - Introduction to Games Programming\Semester 2\CI411_SDL\Game.cpp(377,27): warning C4244: '=': conversion from 'float' to 'int', possible loss of data
C:\Users\thatc\OneDrive - University of Brighton\First_Year_Modules\CI411 - Introduction to Games Programming\Semester 2\CI411_SDL\Game.cpp(389,27): warning C4244: '=': conversion from 'float' to 'int', possible loss of data
C:\Users\thatc\OneDrive - University of Brighton\First_Year_Modules\CI411 - Introduction to Games Programming\Semester 2\CI411_SDL\Game.cpp(390,27): warning C4244: '=': conversion from 'float' to 'int', possible loss of data
C:\Users\thatc\OneDrive - University of Brighton\First_Year_Modules\CI411 - Introduction to Games Programming\Semester 2\CI411_SDL\Game.cpp(403,33): warning C4244: '=': conversion from 'float' to 'int', possible loss of data
C:\Users\thatc\OneDrive - University of Brighton\First_Year_Modules\CI411 - Introduction to Games Programming\Semester 2\CI411_SDL\Game.cpp(404,33): warning C4244: '=': conversion from 'float' to 'int', possible loss of data
C:\Users\thatc\OneDrive - University of Brighton\First_Year_Modules\CI411 - Introduction to Games Programming\Semester 2\CI411_SDL\Game.cpp(421,31): warning C4244: '=': conversion from 'float' to 'int', possible loss of data
C:\Users\thatc\OneDrive - University of Brighton\First_Year_Modules\CI411 - Introduction to Games Programming\Semester 2\CI411_SDL\Game.cpp(422,31): warning C4244: '=': conversion from 'float' to 'int', possible loss of data
C:\Users\thatc\OneDrive - University of Brighton\First_Year_Modules\CI411 - Introduction to Games Programming\Semester 2\CI411_SDL\Game.cpp(435,32): warning C4244: '=': conversion from 'float' to 'int', possible loss of data
C:\Users\thatc\OneDrive - University of Brighton\First_Year_Modules\CI411 - Introduction to Games Programming\Semester 2\CI411_SDL\Game.cpp(436,32): warning C4244: '=': conversion from 'float' to 'int', possible loss of data
C:\Users\thatc\OneDrive - University of Brighton\First_Year_Modules\CI411 - Introduction to Games Programming\Semester 2\CI411_SDL\Game.cpp(453,29): warning C4244: '=': conversion from 'float' to 'int', possible loss of data
C:\Users\thatc\OneDrive - University of Brighton\First_Year_Modules\CI411 - Introduction to Games Programming\Semester 2\CI411_SDL\Game.cpp(454,29): warning C4244: '=': conversion from 'float' to 'int', possible loss of data
C:\Users\thatc\OneDrive - University of Brighton\First_Year_Modules\CI411 - Introduction to Games Programming\Semester 2\CI411_SDL\Game.cpp(485,25): warning C4244: '=': conversion from 'float' to 'int', possible loss of data
C:\Users\thatc\OneDrive - University of Brighton\First_Year_Modules\CI411 - Introduction to Games Programming\Semester 2\CI411_SDL\Game.cpp(486,25): warning C4244: '=': conversion from 'float' to 'int', possible loss of data
C:\Users\thatc\OneDrive - University of Brighton\First_Year_Modules\CI411 - Introduction to Games Programming\Semester 2\CI411_SDL\Game.cpp(492,33): warning C4244: '=': conversion from 'float' to 'int', possible loss of data
C:\Users\thatc\OneDrive - University of Brighton\First_Year_Modules\CI411 - Introduction to Games Programming\Semester 2\CI411_SDL\Game.cpp(493,33): warning C4244: '=': conversion from 'float' to 'int', possible loss of data
C:\Users\thatc\OneDrive - University of Brighton\First_Year_Modules\CI411 - Introduction to Games Programming\Semester 2\CI411_SDL\Game.cpp(515,25): warning C4244: '=': conversion from 'float' to 'int', possible loss of data
C:\Users\thatc\OneDrive - University of Brighton\First_Year_Modules\CI411 - Introduction to Games Programming\Semester 2\CI411_SDL\Game.cpp(516,25): warning C4244: '=': conversion from 'float' to 'int', possible loss of data
C:\Users\thatc\OneDrive - University of Brighton\First_Year_Modules\CI411 - Introduction to Games Programming\Semester 2\CI411_SDL\Game.cpp(522,33): warning C4244: '=': conversion from 'float' to 'int', possible loss of data
C:\Users\thatc\OneDrive - University of Brighton\First_Year_Modules\CI411 - Introduction to Games Programming\Semester 2\CI411_SDL\Game.cpp(523,33): warning C4244: '=': conversion from 'float' to 'int', possible loss of data
C:\Users\thatc\OneDrive - University of Brighton\First_Year_Modules\CI411 - Introduction to Games Programming\Semester 2\CI411_SDL\Game.cpp(545,25): warning C4244: '=': conversion from 'float' to 'int', possible loss of data
C:\Users\thatc\OneDrive - University of Brighton\First_Year_Modules\CI411 - Introduction to Games Programming\Semester 2\CI411_SDL\Game.cpp(546,25): warning C4244: '=': conversion from 'float' to 'int', possible loss of data
C:\Users\thatc\OneDrive - University of Brighton\First_Year_Modules\CI411 - Introduction to Games Programming\Semester 2\CI411_SDL\Game.cpp(555,33): warning C4244: '=': conversion from 'float' to 'int', possible loss of data
C:\Users\thatc\OneDrive - University of Brighton\First_Year_Modules\CI411 - Introduction to Games Programming\Semester 2\CI411_SDL\Game.cpp(556,33): warning C4244: '=': conversion from 'float' to 'int', possible loss of data
C:\Users\thatc\OneDrive - University of Brighton\First_Year_Modules\CI411 - Introduction to Games Programming\Semester 2\CI411_SDL\Game.cpp(587,44): warning C4244: 'argument': conversion from 'double' to 'float', possible loss of data
C:\Users\thatc\OneDrive - University of Brighton\First_Year_Modules\CI411 - Introduction to Games Programming\Semester 2\CI411_SDL\Game.cpp(605,44): warning C4244: 'argument': conversion from 'double' to 'float', possible loss of data
C:\Users\thatc\OneDrive - University of Brighton\First_Year_Modules\CI411 - Introduction to Games Programming\Semester 2\CI411_SDL\Game.cpp(607,81): warning C4244: 'argument': conversion from 'int' to 'float', possible loss of data
C:\Users\thatc\OneDrive - University of Brighton\First_Year_Modules\CI411 - Introduction to Games Programming\Semester 2\CI411_SDL\Game.cpp(607,61): warning C4244: 'argument': conversion from 'int' to 'float', possible loss of data
C:\Users\thatc\OneDrive - University of Brighton\First_Year_Modules\CI411 - Introduction to Games Programming\Semester 2\CI411_SDL\Game.cpp(619,31): warning C4018: '<': signed/unsigned mismatch
C:\Users\thatc\OneDrive - University of Brighton\First_Year_Modules\CI411 - Introduction to Games Programming\Semester 2\CI411_SDL\Game.cpp(644,31): warning C4018: '<': signed/unsigned mismatch
C:\Users\thatc\OneDrive - University of Brighton\First_Year_Modules\CI411 - Introduction to Games Programming\Semester 2\CI411_SDL\Game.cpp(669,31): warning C4018: '<': signed/unsigned mismatch
C:\Users\thatc\OneDrive - University of Brighton\First_Year_Modules\CI411 - Introduction to Games Programming\Semester 2\CI411_SDL\Game.cpp(716,32): warning C4244: '=': conversion from 'Uint64' to 'int', possible loss of data
C:\Users\thatc\OneDrive - University of Brighton\First_Year_Modules\CI411 - Introduction to Games Programming\Semester 2\CI411_SDL\Game.cpp(871,41): warning C4244: '=': conversion from 'float' to 'int', possible loss of data
C:\Users\thatc\OneDrive - University of Brighton\First_Year_Modules\CI411 - Introduction to Games Programming\Semester 2\CI411_SDL\Game.cpp(872,23): warning C4244: '=': conversion from 'float' to 'int', possible loss of data
C:\Users\thatc\OneDrive - University of Brighton\First_Year_Modules\CI411 - Introduction to Games Programming\Semester 2\CI411_SDL\Game.cpp(873,26): warning C4244: '=': conversion from 'float' to 'int', possible loss of data
C:\Users\thatc\OneDrive - University of Brighton\First_Year_Modules\CI411 - Introduction to Games Programming\Semester 2\CI411_SDL\Game.cpp(893,41): warning C4244: '=': conversion from 'float' to 'int', possible loss of data
C:\Users\thatc\OneDrive - University of Brighton\First_Year_Modules\CI411 - Introduction to Games Programming\Semester 2\CI411_SDL\Game.cpp(894,23): warning C4244: '=': conversion from 'float' to 'int', possible loss of data
C:\Users\thatc\OneDrive - University of Brighton\First_Year_Modules\CI411 - Introduction to Games Programming\Semester 2\CI411_SDL\Game.cpp(895,26): warning C4244: '=': conversion from 'float' to 'int', possible loss of data
C:\Users\thatc\OneDrive - University of Brighton\First_Year_Modules\CI411 - Introduction to Games Programming\Semester 2\CI411_SDL\Game.cpp(915,41): warning C4244: '=': conversion from 'float' to 'int', possible loss of data
C:\Users\thatc\OneDrive - University of Brighton\First_Year_Modules\CI411 - Introduction to Games Programming\Semester 2\CI411_SDL\Game.cpp(916,23): warning C4244: '=': conversion from 'float' to 'int', possible loss of data
C:\Users\thatc\OneDrive - University of Brighton\First_Year_Modules\CI411 - Introduction to Games Programming\Semester 2\CI411_SDL\Game.cpp(917,26): warning C4244: '=': conversion from 'float' to 'int', possible loss of data
C:\Users\thatc\OneDrive - University of Brighton\First_Year_Modules\CI411 - Introduction to Games Programming\Semester 2\CI411_SDL\Game.cpp(934,38): warning C4244: '=': conversion from 'float' to 'int', possible loss of data
C:\Users\thatc\OneDrive - University of Brighton\First_Year_Modules\CI411 - Introduction to Games Programming\Semester 2\CI411_SDL\Game.cpp(935,20): warning C4244: '=': conversion from 'float' to 'int', possible loss of data
C:\Users\thatc\OneDrive - University of Brighton\First_Year_Modules\CI411 - Introduction to Games Programming\Semester 2\CI411_SDL\Game.cpp(936,23): warning C4244: '=': conversion from 'float' to 'int', possible loss of data
  CI411_SDL.vcxproj -> C:\Users\thatc\OneDrive - University of Brighton\First_Year_Modules\CI411 - Introduction to Games Programming\Semester 2\CI411_SDL\x64\Debug\CI411_SDL.exe
